{"total": {"lines":{"total":8913,"covered":8786,"skipped":0,"pct":98.57},"statements":{"total":8913,"covered":8786,"skipped":0,"pct":98.57},"functions":{"total":311,"covered":308,"skipped":0,"pct":99.03},"branches":{"total":1276,"covered":1196,"skipped":0,"pct":93.73},"branchesTrue":{"total":0,"covered":0,"skipped":0,"pct":100}}
,"/home/runner/work/ea-framework-js/ea-framework-js/src/background-executor.ts": {"lines":{"total":129,"covered":123,"skipped":0,"pct":95.34},"functions":{"total":5,"covered":5,"skipped":0,"pct":100},"statements":{"total":129,"covered":123,"skipped":0,"pct":95.34},"branches":{"total":25,"covered":21,"skipped":0,"pct":84}}
,"/home/runner/work/ea-framework-js/ea-framework-js/src/index.ts": {"lines":{"total":264,"covered":243,"skipped":0,"pct":92.04},"functions":{"total":6,"covered":6,"skipped":0,"pct":100},"statements":{"total":264,"covered":243,"skipped":0,"pct":92.04},"branches":{"total":61,"covered":55,"skipped":0,"pct":90.16}}
,"/home/runner/work/ea-framework-js/ea-framework-js/src/adapter/basic.ts": {"lines":{"total":543,"covered":532,"skipped":0,"pct":97.97},"functions":{"total":13,"covered":13,"skipped":0,"pct":100},"statements":{"total":543,"covered":532,"skipped":0,"pct":97.97},"branches":{"total":120,"covered":114,"skipped":0,"pct":95}}
,"/home/runner/work/ea-framework-js/ea-framework-js/src/adapter/endpoint.ts": {"lines":{"total":208,"covered":208,"skipped":0,"pct":100},"functions":{"total":7,"covered":7,"skipped":0,"pct":100},"statements":{"total":208,"covered":208,"skipped":0,"pct":100},"branches":{"total":36,"covered":36,"skipped":0,"pct":100}}
,"/home/runner/work/ea-framework-js/ea-framework-js/src/adapter/index.ts": {"lines":{"total":6,"covered":6,"skipped":0,"pct":100},"functions":{"total":0,"covered":0,"skipped":0,"pct":100},"statements":{"total":6,"covered":6,"skipped":0,"pct":100},"branches":{"total":0,"covered":0,"skipped":0,"pct":100}}
,"/home/runner/work/ea-framework-js/ea-framework-js/src/adapter/lwba.ts": {"lines":{"total":87,"covered":87,"skipped":0,"pct":100},"functions":{"total":3,"covered":3,"skipped":0,"pct":100},"statements":{"total":87,"covered":87,"skipped":0,"pct":100},"branches":{"total":10,"covered":10,"skipped":0,"pct":100}}
,"/home/runner/work/ea-framework-js/ea-framework-js/src/adapter/market-status.ts": {"lines":{"total":56,"covered":56,"skipped":0,"pct":100},"functions":{"total":0,"covered":0,"skipped":0,"pct":100},"statements":{"total":56,"covered":56,"skipped":0,"pct":100},"branches":{"total":1,"covered":1,"skipped":0,"pct":100}}
,"/home/runner/work/ea-framework-js/ea-framework-js/src/adapter/por.ts": {"lines":{"total":229,"covered":227,"skipped":0,"pct":99.12},"functions":{"total":2,"covered":2,"skipped":0,"pct":100},"statements":{"total":229,"covered":227,"skipped":0,"pct":99.12},"branches":{"total":20,"covered":13,"skipped":0,"pct":65}}
,"/home/runner/work/ea-framework-js/ea-framework-js/src/adapter/price.ts": {"lines":{"total":221,"covered":219,"skipped":0,"pct":99.09},"functions":{"total":5,"covered":5,"skipped":0,"pct":100},"statements":{"total":221,"covered":219,"skipped":0,"pct":99.09},"branches":{"total":25,"covered":22,"skipped":0,"pct":88}}
,"/home/runner/work/ea-framework-js/ea-framework-js/src/adapter/types.ts": {"lines":{"total":199,"covered":199,"skipped":0,"pct":100},"functions":{"total":0,"covered":0,"skipped":0,"pct":100},"statements":{"total":199,"covered":199,"skipped":0,"pct":100},"branches":{"total":0,"covered":0,"skipped":0,"pct":100}}
,"/home/runner/work/ea-framework-js/ea-framework-js/src/cache/factory.ts": {"lines":{"total":24,"covered":24,"skipped":0,"pct":100},"functions":{"total":1,"covered":1,"skipped":0,"pct":100},"statements":{"total":24,"covered":24,"skipped":0,"pct":100},"branches":{"total":4,"covered":4,"skipped":0,"pct":100}}
,"/home/runner/work/ea-framework-js/ea-framework-js/src/cache/index.ts": {"lines":{"total":268,"covered":261,"skipped":0,"pct":97.38},"functions":{"total":7,"covered":7,"skipped":0,"pct":100},"statements":{"total":268,"covered":261,"skipped":0,"pct":97.38},"branches":{"total":35,"covered":31,"skipped":0,"pct":88.57}}
,"/home/runner/work/ea-framework-js/ea-framework-js/src/cache/local.ts": {"lines":{"total":143,"covered":141,"skipped":0,"pct":98.6},"functions":{"total":8,"covered":8,"skipped":0,"pct":100},"statements":{"total":143,"covered":141,"skipped":0,"pct":98.6},"branches":{"total":28,"covered":27,"skipped":0,"pct":96.42}}
,"/home/runner/work/ea-framework-js/ea-framework-js/src/cache/metrics.ts": {"lines":{"total":52,"covered":52,"skipped":0,"pct":100},"functions":{"total":3,"covered":3,"skipped":0,"pct":100},"statements":{"total":52,"covered":52,"skipped":0,"pct":100},"branches":{"total":7,"covered":6,"skipped":0,"pct":85.71}}
,"/home/runner/work/ea-framework-js/ea-framework-js/src/cache/redis.ts": {"lines":{"total":205,"covered":205,"skipped":0,"pct":100},"functions":{"total":11,"covered":11,"skipped":0,"pct":100},"statements":{"total":205,"covered":205,"skipped":0,"pct":100},"branches":{"total":31,"covered":30,"skipped":0,"pct":96.77}}
,"/home/runner/work/ea-framework-js/ea-framework-js/src/cache/response.ts": {"lines":{"total":179,"covered":176,"skipped":0,"pct":98.32},"functions":{"total":3,"covered":3,"skipped":0,"pct":100},"statements":{"total":179,"covered":176,"skipped":0,"pct":98.32},"branches":{"total":22,"covered":20,"skipped":0,"pct":90.9}}
,"/home/runner/work/ea-framework-js/ea-framework-js/src/config/index.ts": {"lines":{"total":713,"covered":713,"skipped":0,"pct":100},"functions":{"total":10,"covered":10,"skipped":0,"pct":100},"statements":{"total":713,"covered":713,"skipped":0,"pct":100},"branches":{"total":52,"covered":50,"skipped":0,"pct":96.15}}
,"/home/runner/work/ea-framework-js/ea-framework-js/src/debug/router.ts": {"lines":{"total":30,"covered":30,"skipped":0,"pct":100},"functions":{"total":1,"covered":1,"skipped":0,"pct":100},"statements":{"total":30,"covered":30,"skipped":0,"pct":100},"branches":{"total":4,"covered":4,"skipped":0,"pct":100}}
,"/home/runner/work/ea-framework-js/ea-framework-js/src/debug/settings-page.ts": {"lines":{"total":117,"covered":117,"skipped":0,"pct":100},"functions":{"total":2,"covered":2,"skipped":0,"pct":100},"statements":{"total":117,"covered":117,"skipped":0,"pct":100},"branches":{"total":13,"covered":13,"skipped":0,"pct":100}}
,"/home/runner/work/ea-framework-js/ea-framework-js/src/metrics/constants.ts": {"lines":{"total":24,"covered":24,"skipped":0,"pct":100},"functions":{"total":0,"covered":0,"skipped":0,"pct":100},"statements":{"total":24,"covered":24,"skipped":0,"pct":100},"branches":{"total":1,"covered":1,"skipped":0,"pct":100}}
,"/home/runner/work/ea-framework-js/ea-framework-js/src/metrics/index.ts": {"lines":{"total":366,"covered":361,"skipped":0,"pct":98.63},"functions":{"total":12,"covered":11,"skipped":0,"pct":91.66},"statements":{"total":366,"covered":361,"skipped":0,"pct":98.63},"branches":{"total":32,"covered":27,"skipped":0,"pct":84.37}}
,"/home/runner/work/ea-framework-js/ea-framework-js/src/metrics/util.ts": {"lines":{"total":15,"covered":15,"skipped":0,"pct":100},"functions":{"total":1,"covered":1,"skipped":0,"pct":100},"statements":{"total":15,"covered":15,"skipped":0,"pct":100},"branches":{"total":1,"covered":1,"skipped":0,"pct":100}}
,"/home/runner/work/ea-framework-js/ea-framework-js/src/rate-limiting/burst.ts": {"lines":{"total":111,"covered":111,"skipped":0,"pct":100},"functions":{"total":5,"covered":5,"skipped":0,"pct":100},"statements":{"total":111,"covered":111,"skipped":0,"pct":100},"branches":{"total":24,"covered":24,"skipped":0,"pct":100}}
,"/home/runner/work/ea-framework-js/ea-framework-js/src/rate-limiting/factory.ts": {"lines":{"total":18,"covered":18,"skipped":0,"pct":100},"functions":{"total":1,"covered":1,"skipped":0,"pct":100},"statements":{"total":18,"covered":18,"skipped":0,"pct":100},"branches":{"total":4,"covered":4,"skipped":0,"pct":100}}
,"/home/runner/work/ea-framework-js/ea-framework-js/src/rate-limiting/fixed-interval.ts": {"lines":{"total":62,"covered":62,"skipped":0,"pct":100},"functions":{"total":4,"covered":4,"skipped":0,"pct":100},"statements":{"total":62,"covered":62,"skipped":0,"pct":100},"branches":{"total":15,"covered":15,"skipped":0,"pct":100}}
,"/home/runner/work/ea-framework-js/ea-framework-js/src/rate-limiting/index.ts": {"lines":{"total":172,"covered":172,"skipped":0,"pct":100},"functions":{"total":6,"covered":6,"skipped":0,"pct":100},"statements":{"total":172,"covered":172,"skipped":0,"pct":100},"branches":{"total":40,"covered":40,"skipped":0,"pct":100}}
,"/home/runner/work/ea-framework-js/ea-framework-js/src/transports/http.ts": {"lines":{"total":309,"covered":296,"skipped":0,"pct":95.79},"functions":{"total":6,"covered":6,"skipped":0,"pct":100},"statements":{"total":309,"covered":296,"skipped":0,"pct":95.79},"branches":{"total":40,"covered":36,"skipped":0,"pct":90}}
,"/home/runner/work/ea-framework-js/ea-framework-js/src/transports/index.ts": {"lines":{"total":145,"covered":145,"skipped":0,"pct":100},"functions":{"total":5,"covered":5,"skipped":0,"pct":100},"statements":{"total":145,"covered":145,"skipped":0,"pct":100},"branches":{"total":10,"covered":10,"skipped":0,"pct":100}}
,"/home/runner/work/ea-framework-js/ea-framework-js/src/transports/metrics.ts": {"lines":{"total":64,"covered":64,"skipped":0,"pct":100},"functions":{"total":4,"covered":4,"skipped":0,"pct":100},"statements":{"total":64,"covered":64,"skipped":0,"pct":100},"branches":{"total":8,"covered":8,"skipped":0,"pct":100}}
,"/home/runner/work/ea-framework-js/ea-framework-js/src/transports/sse.ts": {"lines":{"total":187,"covered":187,"skipped":0,"pct":100},"functions":{"total":6,"covered":6,"skipped":0,"pct":100},"statements":{"total":187,"covered":187,"skipped":0,"pct":100},"branches":{"total":20,"covered":19,"skipped":0,"pct":95}}
,"/home/runner/work/ea-framework-js/ea-framework-js/src/transports/websocket.ts": {"lines":{"total":506,"covered":501,"skipped":0,"pct":99.01},"functions":{"total":19,"covered":19,"skipped":0,"pct":100},"statements":{"total":506,"covered":501,"skipped":0,"pct":99.01},"branches":{"total":70,"covered":65,"skipped":0,"pct":92.85}}
,"/home/runner/work/ea-framework-js/ea-framework-js/src/transports/abstract/streaming.ts": {"lines":{"total":110,"covered":110,"skipped":0,"pct":100},"functions":{"total":2,"covered":2,"skipped":0,"pct":100},"statements":{"total":110,"covered":110,"skipped":0,"pct":100},"branches":{"total":19,"covered":19,"skipped":0,"pct":100}}
,"/home/runner/work/ea-framework-js/ea-framework-js/src/transports/abstract/subscription.ts": {"lines":{"total":90,"covered":90,"skipped":0,"pct":100},"functions":{"total":3,"covered":3,"skipped":0,"pct":100},"statements":{"total":90,"covered":90,"skipped":0,"pct":100},"branches":{"total":5,"covered":5,"skipped":0,"pct":100}}
,"/home/runner/work/ea-framework-js/ea-framework-js/src/util/fast-serialize.ts": {"lines":{"total":204,"covered":170,"skipped":0,"pct":83.33},"functions":{"total":4,"covered":4,"skipped":0,"pct":100},"statements":{"total":204,"covered":170,"skipped":0,"pct":83.33},"branches":{"total":26,"covered":21,"skipped":0,"pct":80.76}}
,"/home/runner/work/ea-framework-js/ea-framework-js/src/util/group-runner.ts": {"lines":{"total":69,"covered":69,"skipped":0,"pct":100},"functions":{"total":4,"covered":4,"skipped":0,"pct":100},"statements":{"total":69,"covered":69,"skipped":0,"pct":100},"branches":{"total":11,"covered":11,"skipped":0,"pct":100}}
,"/home/runner/work/ea-framework-js/ea-framework-js/src/util/index.ts": {"lines":{"total":210,"covered":208,"skipped":0,"pct":99.04},"functions":{"total":13,"covered":13,"skipped":0,"pct":100},"statements":{"total":210,"covered":208,"skipped":0,"pct":99.04},"branches":{"total":34,"covered":33,"skipped":0,"pct":97.05}}
,"/home/runner/work/ea-framework-js/ea-framework-js/src/util/logger.ts": {"lines":{"total":248,"covered":242,"skipped":0,"pct":97.58},"functions":{"total":13,"covered":13,"skipped":0,"pct":100},"statements":{"total":248,"covered":242,"skipped":0,"pct":97.58},"branches":{"total":34,"covered":29,"skipped":0,"pct":85.29}}
,"/home/runner/work/ea-framework-js/ea-framework-js/src/util/requester.ts": {"lines":{"total":289,"covered":289,"skipped":0,"pct":100},"functions":{"total":8,"covered":8,"skipped":0,"pct":100},"statements":{"total":289,"covered":289,"skipped":0,"pct":100},"branches":{"total":40,"covered":36,"skipped":0,"pct":90}}
,"/home/runner/work/ea-framework-js/ea-framework-js/src/util/testing-utils.ts": {"lines":{"total":578,"covered":578,"skipped":0,"pct":100},"functions":{"total":48,"covered":46,"skipped":0,"pct":95.83},"statements":{"total":578,"covered":578,"skipped":0,"pct":100},"branches":{"total":91,"covered":91,"skipped":0,"pct":100}}
,"/home/runner/work/ea-framework-js/ea-framework-js/src/util/types.ts": {"lines":{"total":298,"covered":298,"skipped":0,"pct":100},"functions":{"total":0,"covered":0,"skipped":0,"pct":100},"statements":{"total":298,"covered":298,"skipped":0,"pct":100},"branches":{"total":0,"covered":0,"skipped":0,"pct":100}}
,"/home/runner/work/ea-framework-js/ea-framework-js/src/util/censor/censor-list.ts": {"lines":{"total":14,"covered":14,"skipped":0,"pct":100},"functions":{"total":2,"covered":2,"skipped":0,"pct":100},"statements":{"total":14,"covered":14,"skipped":0,"pct":100},"branches":{"total":2,"covered":2,"skipped":0,"pct":100}}
,"/home/runner/work/ea-framework-js/ea-framework-js/src/util/subscription-set/expiring-sorted-set.ts": {"lines":{"total":102,"covered":102,"skipped":0,"pct":100},"functions":{"total":7,"covered":7,"skipped":0,"pct":100},"statements":{"total":102,"covered":102,"skipped":0,"pct":100},"branches":{"total":16,"covered":16,"skipped":0,"pct":100}}
,"/home/runner/work/ea-framework-js/ea-framework-js/src/util/subscription-set/redis-sorted-set.ts": {"lines":{"total":39,"covered":39,"skipped":0,"pct":100},"functions":{"total":4,"covered":4,"skipped":0,"pct":100},"statements":{"total":39,"covered":39,"skipped":0,"pct":100},"branches":{"total":5,"covered":5,"skipped":0,"pct":100}}
,"/home/runner/work/ea-framework-js/ea-framework-js/src/util/subscription-set/subscription-set.ts": {"lines":{"total":50,"covered":50,"skipped":0,"pct":100},"functions":{"total":2,"covered":2,"skipped":0,"pct":100},"statements":{"total":50,"covered":50,"skipped":0,"pct":100},"branches":{"total":8,"covered":7,"skipped":0,"pct":87.5}}
,"/home/runner/work/ea-framework-js/ea-framework-js/src/validation/error.ts": {"lines":{"total":134,"covered":134,"skipped":0,"pct":100},"functions":{"total":9,"covered":9,"skipped":0,"pct":100},"statements":{"total":134,"covered":134,"skipped":0,"pct":100},"branches":{"total":13,"covered":12,"skipped":0,"pct":92.3}}
,"/home/runner/work/ea-framework-js/ea-framework-js/src/validation/index.ts": {"lines":{"total":194,"covered":194,"skipped":0,"pct":100},"functions":{"total":3,"covered":3,"skipped":0,"pct":100},"statements":{"total":194,"covered":194,"skipped":0,"pct":100},"branches":{"total":46,"covered":43,"skipped":0,"pct":93.47}}
,"/home/runner/work/ea-framework-js/ea-framework-js/src/validation/input-params.ts": {"lines":{"total":424,"covered":416,"skipped":0,"pct":98.11},"functions":{"total":12,"covered":12,"skipped":0,"pct":100},"statements":{"total":424,"covered":416,"skipped":0,"pct":98.11},"branches":{"total":116,"covered":109,"skipped":0,"pct":93.96}}
,"/home/runner/work/ea-framework-js/ea-framework-js/src/validation/schema-cache.ts": {"lines":{"total":33,"covered":33,"skipped":0,"pct":100},"functions":{"total":1,"covered":1,"skipped":0,"pct":100},"statements":{"total":33,"covered":33,"skipped":0,"pct":100},"branches":{"total":5,"covered":5,"skipped":0,"pct":100}}
,"/home/runner/work/ea-framework-js/ea-framework-js/src/validation/utils.ts": {"lines":{"total":175,"covered":175,"skipped":0,"pct":100},"functions":{"total":20,"covered":20,"skipped":0,"pct":100},"statements":{"total":175,"covered":175,"skipped":0,"pct":100},"branches":{"total":46,"covered":45,"skipped":0,"pct":97.82}}
}
