{"total": {"lines":{"total":9212,"covered":9134,"skipped":0,"pct":99.15},"statements":{"total":9212,"covered":9134,"skipped":0,"pct":99.15},"functions":{"total":337,"covered":334,"skipped":0,"pct":99.1},"branches":{"total":1343,"covered":1276,"skipped":0,"pct":95.01},"branchesTrue":{"total":0,"covered":0,"skipped":0,"pct":100}}
,"/home/runner/work/ea-framework-js/ea-framework-js/src/background-executor.ts": {"lines":{"total":110,"covered":110,"skipped":0,"pct":100},"functions":{"total":3,"covered":3,"skipped":0,"pct":100},"statements":{"total":110,"covered":110,"skipped":0,"pct":100},"branches":{"total":19,"covered":19,"skipped":0,"pct":100}}
,"/home/runner/work/ea-framework-js/ea-framework-js/src/index.ts": {"lines":{"total":255,"covered":237,"skipped":0,"pct":92.94},"functions":{"total":6,"covered":6,"skipped":0,"pct":100},"statements":{"total":255,"covered":237,"skipped":0,"pct":92.94},"branches":{"total":57,"covered":52,"skipped":0,"pct":91.22}}
,"/home/runner/work/ea-framework-js/ea-framework-js/src/adapter/basic.ts": {"lines":{"total":586,"covered":575,"skipped":0,"pct":98.12},"functions":{"total":15,"covered":15,"skipped":0,"pct":100},"statements":{"total":586,"covered":575,"skipped":0,"pct":98.12},"branches":{"total":134,"covered":128,"skipped":0,"pct":95.52}}
,"/home/runner/work/ea-framework-js/ea-framework-js/src/adapter/endpoint.ts": {"lines":{"total":271,"covered":271,"skipped":0,"pct":100},"functions":{"total":10,"covered":10,"skipped":0,"pct":100},"statements":{"total":271,"covered":271,"skipped":0,"pct":100},"branches":{"total":57,"covered":57,"skipped":0,"pct":100}}
,"/home/runner/work/ea-framework-js/ea-framework-js/src/adapter/index.ts": {"lines":{"total":6,"covered":6,"skipped":0,"pct":100},"functions":{"total":0,"covered":0,"skipped":0,"pct":100},"statements":{"total":6,"covered":6,"skipped":0,"pct":100},"branches":{"total":0,"covered":0,"skipped":0,"pct":100}}
,"/home/runner/work/ea-framework-js/ea-framework-js/src/adapter/lwba.ts": {"lines":{"total":87,"covered":87,"skipped":0,"pct":100},"functions":{"total":3,"covered":3,"skipped":0,"pct":100},"statements":{"total":87,"covered":87,"skipped":0,"pct":100},"branches":{"total":10,"covered":10,"skipped":0,"pct":100}}
,"/home/runner/work/ea-framework-js/ea-framework-js/src/adapter/market-status.ts": {"lines":{"total":91,"covered":91,"skipped":0,"pct":100},"functions":{"total":2,"covered":2,"skipped":0,"pct":100},"statements":{"total":91,"covered":91,"skipped":0,"pct":100},"branches":{"total":9,"covered":9,"skipped":0,"pct":100}}
,"/home/runner/work/ea-framework-js/ea-framework-js/src/adapter/por.ts": {"lines":{"total":229,"covered":227,"skipped":0,"pct":99.12},"functions":{"total":2,"covered":2,"skipped":0,"pct":100},"statements":{"total":229,"covered":227,"skipped":0,"pct":99.12},"branches":{"total":20,"covered":13,"skipped":0,"pct":65}}
,"/home/runner/work/ea-framework-js/ea-framework-js/src/adapter/price.ts": {"lines":{"total":221,"covered":219,"skipped":0,"pct":99.09},"functions":{"total":6,"covered":6,"skipped":0,"pct":100},"statements":{"total":221,"covered":219,"skipped":0,"pct":99.09},"branches":{"total":26,"covered":23,"skipped":0,"pct":88.46}}
,"/home/runner/work/ea-framework-js/ea-framework-js/src/adapter/types.ts": {"lines":{"total":202,"covered":202,"skipped":0,"pct":100},"functions":{"total":0,"covered":0,"skipped":0,"pct":100},"statements":{"total":202,"covered":202,"skipped":0,"pct":100},"branches":{"total":0,"covered":0,"skipped":0,"pct":100}}
,"/home/runner/work/ea-framework-js/ea-framework-js/src/cache/factory.ts": {"lines":{"total":24,"covered":24,"skipped":0,"pct":100},"functions":{"total":1,"covered":1,"skipped":0,"pct":100},"statements":{"total":24,"covered":24,"skipped":0,"pct":100},"branches":{"total":4,"covered":4,"skipped":0,"pct":100}}
,"/home/runner/work/ea-framework-js/ea-framework-js/src/cache/index.ts": {"lines":{"total":268,"covered":261,"skipped":0,"pct":97.38},"functions":{"total":7,"covered":7,"skipped":0,"pct":100},"statements":{"total":268,"covered":261,"skipped":0,"pct":97.38},"branches":{"total":37,"covered":33,"skipped":0,"pct":89.18}}
,"/home/runner/work/ea-framework-js/ea-framework-js/src/cache/local.ts": {"lines":{"total":143,"covered":141,"skipped":0,"pct":98.6},"functions":{"total":9,"covered":9,"skipped":0,"pct":100},"statements":{"total":143,"covered":141,"skipped":0,"pct":98.6},"branches":{"total":29,"covered":28,"skipped":0,"pct":96.55}}
,"/home/runner/work/ea-framework-js/ea-framework-js/src/cache/metrics.ts": {"lines":{"total":52,"covered":52,"skipped":0,"pct":100},"functions":{"total":3,"covered":3,"skipped":0,"pct":100},"statements":{"total":52,"covered":52,"skipped":0,"pct":100},"branches":{"total":7,"covered":6,"skipped":0,"pct":85.71}}
,"/home/runner/work/ea-framework-js/ea-framework-js/src/cache/redis.ts": {"lines":{"total":205,"covered":205,"skipped":0,"pct":100},"functions":{"total":11,"covered":11,"skipped":0,"pct":100},"statements":{"total":205,"covered":205,"skipped":0,"pct":100},"branches":{"total":31,"covered":30,"skipped":0,"pct":96.77}}
,"/home/runner/work/ea-framework-js/ea-framework-js/src/cache/response.ts": {"lines":{"total":180,"covered":177,"skipped":0,"pct":98.33},"functions":{"total":4,"covered":4,"skipped":0,"pct":100},"statements":{"total":180,"covered":177,"skipped":0,"pct":98.33},"branches":{"total":23,"covered":21,"skipped":0,"pct":91.3}}
,"/home/runner/work/ea-framework-js/ea-framework-js/src/config/index.ts": {"lines":{"total":690,"covered":690,"skipped":0,"pct":100},"functions":{"total":10,"covered":10,"skipped":0,"pct":100},"statements":{"total":690,"covered":690,"skipped":0,"pct":100},"branches":{"total":54,"covered":52,"skipped":0,"pct":96.29}}
,"/home/runner/work/ea-framework-js/ea-framework-js/src/debug/router.ts": {"lines":{"total":31,"covered":31,"skipped":0,"pct":100},"functions":{"total":1,"covered":1,"skipped":0,"pct":100},"statements":{"total":31,"covered":31,"skipped":0,"pct":100},"branches":{"total":4,"covered":4,"skipped":0,"pct":100}}
,"/home/runner/work/ea-framework-js/ea-framework-js/src/debug/settings-page.ts": {"lines":{"total":96,"covered":96,"skipped":0,"pct":100},"functions":{"total":1,"covered":1,"skipped":0,"pct":100},"statements":{"total":96,"covered":96,"skipped":0,"pct":100},"branches":{"total":11,"covered":11,"skipped":0,"pct":100}}
,"/home/runner/work/ea-framework-js/ea-framework-js/src/metrics/constants.ts": {"lines":{"total":24,"covered":24,"skipped":0,"pct":100},"functions":{"total":0,"covered":0,"skipped":0,"pct":100},"statements":{"total":24,"covered":24,"skipped":0,"pct":100},"branches":{"total":1,"covered":1,"skipped":0,"pct":100}}
,"/home/runner/work/ea-framework-js/ea-framework-js/src/metrics/index.ts": {"lines":{"total":365,"covered":360,"skipped":0,"pct":98.63},"functions":{"total":13,"covered":12,"skipped":0,"pct":92.3},"statements":{"total":365,"covered":360,"skipped":0,"pct":98.63},"branches":{"total":33,"covered":28,"skipped":0,"pct":84.84}}
,"/home/runner/work/ea-framework-js/ea-framework-js/src/metrics/util.ts": {"lines":{"total":15,"covered":15,"skipped":0,"pct":100},"functions":{"total":1,"covered":1,"skipped":0,"pct":100},"statements":{"total":15,"covered":15,"skipped":0,"pct":100},"branches":{"total":1,"covered":1,"skipped":0,"pct":100}}
,"/home/runner/work/ea-framework-js/ea-framework-js/src/rate-limiting/burst.ts": {"lines":{"total":111,"covered":111,"skipped":0,"pct":100},"functions":{"total":5,"covered":5,"skipped":0,"pct":100},"statements":{"total":111,"covered":111,"skipped":0,"pct":100},"branches":{"total":24,"covered":24,"skipped":0,"pct":100}}
,"/home/runner/work/ea-framework-js/ea-framework-js/src/rate-limiting/factory.ts": {"lines":{"total":18,"covered":18,"skipped":0,"pct":100},"functions":{"total":1,"covered":1,"skipped":0,"pct":100},"statements":{"total":18,"covered":18,"skipped":0,"pct":100},"branches":{"total":4,"covered":4,"skipped":0,"pct":100}}
,"/home/runner/work/ea-framework-js/ea-framework-js/src/rate-limiting/fixed-interval.ts": {"lines":{"total":62,"covered":62,"skipped":0,"pct":100},"functions":{"total":4,"covered":4,"skipped":0,"pct":100},"statements":{"total":62,"covered":62,"skipped":0,"pct":100},"branches":{"total":15,"covered":15,"skipped":0,"pct":100}}
,"/home/runner/work/ea-framework-js/ea-framework-js/src/rate-limiting/index.ts": {"lines":{"total":179,"covered":179,"skipped":0,"pct":100},"functions":{"total":6,"covered":6,"skipped":0,"pct":100},"statements":{"total":179,"covered":179,"skipped":0,"pct":100},"branches":{"total":42,"covered":42,"skipped":0,"pct":100}}
,"/home/runner/work/ea-framework-js/ea-framework-js/src/status/router.ts": {"lines":{"total":91,"covered":91,"skipped":0,"pct":100},"functions":{"total":1,"covered":1,"skipped":0,"pct":100},"statements":{"total":91,"covered":91,"skipped":0,"pct":100},"branches":{"total":8,"covered":4,"skipped":0,"pct":50}}
,"/home/runner/work/ea-framework-js/ea-framework-js/src/transports/http.ts": {"lines":{"total":309,"covered":299,"skipped":0,"pct":96.76},"functions":{"total":6,"covered":6,"skipped":0,"pct":100},"statements":{"total":309,"covered":299,"skipped":0,"pct":96.76},"branches":{"total":40,"covered":37,"skipped":0,"pct":92.5}}
,"/home/runner/work/ea-framework-js/ea-framework-js/src/transports/index.ts": {"lines":{"total":145,"covered":145,"skipped":0,"pct":100},"functions":{"total":5,"covered":5,"skipped":0,"pct":100},"statements":{"total":145,"covered":145,"skipped":0,"pct":100},"branches":{"total":10,"covered":10,"skipped":0,"pct":100}}
,"/home/runner/work/ea-framework-js/ea-framework-js/src/transports/metrics.ts": {"lines":{"total":74,"covered":74,"skipped":0,"pct":100},"functions":{"total":5,"covered":5,"skipped":0,"pct":100},"statements":{"total":74,"covered":74,"skipped":0,"pct":100},"branches":{"total":11,"covered":11,"skipped":0,"pct":100}}
,"/home/runner/work/ea-framework-js/ea-framework-js/src/transports/sse.ts": {"lines":{"total":187,"covered":187,"skipped":0,"pct":100},"functions":{"total":6,"covered":6,"skipped":0,"pct":100},"statements":{"total":187,"covered":187,"skipped":0,"pct":100},"branches":{"total":20,"covered":19,"skipped":0,"pct":95}}
,"/home/runner/work/ea-framework-js/ea-framework-js/src/transports/websocket.ts": {"lines":{"total":602,"covered":592,"skipped":0,"pct":98.33},"functions":{"total":23,"covered":23,"skipped":0,"pct":100},"statements":{"total":602,"covered":592,"skipped":0,"pct":98.33},"branches":{"total":87,"covered":80,"skipped":0,"pct":91.95}}
,"/home/runner/work/ea-framework-js/ea-framework-js/src/transports/abstract/streaming.ts": {"lines":{"total":110,"covered":110,"skipped":0,"pct":100},"functions":{"total":2,"covered":2,"skipped":0,"pct":100},"statements":{"total":110,"covered":110,"skipped":0,"pct":100},"branches":{"total":19,"covered":19,"skipped":0,"pct":100}}
,"/home/runner/work/ea-framework-js/ea-framework-js/src/transports/abstract/subscription.ts": {"lines":{"total":90,"covered":90,"skipped":0,"pct":100},"functions":{"total":4,"covered":4,"skipped":0,"pct":100},"statements":{"total":90,"covered":90,"skipped":0,"pct":100},"branches":{"total":6,"covered":6,"skipped":0,"pct":100}}
,"/home/runner/work/ea-framework-js/ea-framework-js/src/util/group-runner.ts": {"lines":{"total":69,"covered":69,"skipped":0,"pct":100},"functions":{"total":4,"covered":4,"skipped":0,"pct":100},"statements":{"total":69,"covered":69,"skipped":0,"pct":100},"branches":{"total":11,"covered":11,"skipped":0,"pct":100}}
,"/home/runner/work/ea-framework-js/ea-framework-js/src/util/index.ts": {"lines":{"total":209,"covered":207,"skipped":0,"pct":99.04},"functions":{"total":15,"covered":15,"skipped":0,"pct":100},"statements":{"total":209,"covered":207,"skipped":0,"pct":99.04},"branches":{"total":35,"covered":34,"skipped":0,"pct":97.14}}
,"/home/runner/work/ea-framework-js/ea-framework-js/src/util/logger.ts": {"lines":{"total":248,"covered":242,"skipped":0,"pct":97.58},"functions":{"total":14,"covered":14,"skipped":0,"pct":100},"statements":{"total":248,"covered":242,"skipped":0,"pct":97.58},"branches":{"total":36,"covered":31,"skipped":0,"pct":86.11}}
,"/home/runner/work/ea-framework-js/ea-framework-js/src/util/requester.ts": {"lines":{"total":324,"covered":324,"skipped":0,"pct":100},"functions":{"total":8,"covered":8,"skipped":0,"pct":100},"statements":{"total":324,"covered":324,"skipped":0,"pct":100},"branches":{"total":40,"covered":37,"skipped":0,"pct":92.5}}
,"/home/runner/work/ea-framework-js/ea-framework-js/src/util/settings.ts": {"lines":{"total":28,"covered":28,"skipped":0,"pct":100},"functions":{"total":1,"covered":1,"skipped":0,"pct":100},"statements":{"total":28,"covered":28,"skipped":0,"pct":100},"branches":{"total":3,"covered":3,"skipped":0,"pct":100}}
,"/home/runner/work/ea-framework-js/ea-framework-js/src/util/testing-utils.ts": {"lines":{"total":578,"covered":578,"skipped":0,"pct":100},"functions":{"total":51,"covered":49,"skipped":0,"pct":96.07},"statements":{"total":578,"covered":578,"skipped":0,"pct":100},"branches":{"total":94,"covered":94,"skipped":0,"pct":100}}
,"/home/runner/work/ea-framework-js/ea-framework-js/src/util/types.ts": {"lines":{"total":306,"covered":306,"skipped":0,"pct":100},"functions":{"total":0,"covered":0,"skipped":0,"pct":100},"statements":{"total":306,"covered":306,"skipped":0,"pct":100},"branches":{"total":0,"covered":0,"skipped":0,"pct":100}}
,"/home/runner/work/ea-framework-js/ea-framework-js/src/util/censor/censor-list.ts": {"lines":{"total":14,"covered":14,"skipped":0,"pct":100},"functions":{"total":3,"covered":3,"skipped":0,"pct":100},"statements":{"total":14,"covered":14,"skipped":0,"pct":100},"branches":{"total":3,"covered":3,"skipped":0,"pct":100}}
,"/home/runner/work/ea-framework-js/ea-framework-js/src/util/subscription-set/expiring-sorted-set.ts": {"lines":{"total":102,"covered":102,"skipped":0,"pct":100},"functions":{"total":8,"covered":8,"skipped":0,"pct":100},"statements":{"total":102,"covered":102,"skipped":0,"pct":100},"branches":{"total":17,"covered":17,"skipped":0,"pct":100}}
,"/home/runner/work/ea-framework-js/ea-framework-js/src/util/subscription-set/redis-sorted-set.ts": {"lines":{"total":39,"covered":39,"skipped":0,"pct":100},"functions":{"total":5,"covered":5,"skipped":0,"pct":100},"statements":{"total":39,"covered":39,"skipped":0,"pct":100},"branches":{"total":6,"covered":6,"skipped":0,"pct":100}}
,"/home/runner/work/ea-framework-js/ea-framework-js/src/util/subscription-set/subscription-set.ts": {"lines":{"total":50,"covered":50,"skipped":0,"pct":100},"functions":{"total":3,"covered":3,"skipped":0,"pct":100},"statements":{"total":50,"covered":50,"skipped":0,"pct":100},"branches":{"total":9,"covered":8,"skipped":0,"pct":88.88}}
,"/home/runner/work/ea-framework-js/ea-framework-js/src/validation/error.ts": {"lines":{"total":134,"covered":134,"skipped":0,"pct":100},"functions":{"total":13,"covered":13,"skipped":0,"pct":100},"statements":{"total":134,"covered":134,"skipped":0,"pct":100},"branches":{"total":17,"covered":16,"skipped":0,"pct":94.11}}
,"/home/runner/work/ea-framework-js/ea-framework-js/src/validation/index.ts": {"lines":{"total":211,"covered":211,"skipped":0,"pct":100},"functions":{"total":3,"covered":3,"skipped":0,"pct":100},"statements":{"total":211,"covered":211,"skipped":0,"pct":100},"branches":{"total":47,"covered":44,"skipped":0,"pct":93.61}}
,"/home/runner/work/ea-framework-js/ea-framework-js/src/validation/input-params.ts": {"lines":{"total":528,"covered":528,"skipped":0,"pct":100},"functions":{"total":11,"covered":11,"skipped":0,"pct":100},"statements":{"total":528,"covered":528,"skipped":0,"pct":100},"branches":{"total":98,"covered":98,"skipped":0,"pct":100}}
,"/home/runner/work/ea-framework-js/ea-framework-js/src/validation/market-status.ts": {"lines":{"total":68,"covered":68,"skipped":0,"pct":100},"functions":{"total":2,"covered":2,"skipped":0,"pct":100},"statements":{"total":68,"covered":68,"skipped":0,"pct":100},"branches":{"total":28,"covered":28,"skipped":0,"pct":100}}
,"/home/runner/work/ea-framework-js/ea-framework-js/src/validation/utils.ts": {"lines":{"total":175,"covered":175,"skipped":0,"pct":100},"functions":{"total":20,"covered":20,"skipped":0,"pct":100},"statements":{"total":175,"covered":175,"skipped":0,"pct":100},"branches":{"total":46,"covered":45,"skipped":0,"pct":97.82}}
}
